#
# There is insufficient memory for the Java Runtime Environment to continue.
# Native memory allocation (malloc) failed to allocate 1179056 bytes for Chunk::new
# Possible reasons:
#   The system is out of physical RAM or swap space
#   The process is running with CompressedOops enabled, and the Java Heap may be blocking the growth of the native heap
# Possible solutions:
#   Reduce memory load on the system
#   Increase physical memory or swap space
#   Check if swap backing store is full
#   Decrease Java heap size (-Xmx/-Xms)
#   Decrease number of Java threads
#   Decrease Java thread stack sizes (-Xss)
#   Set larger code cache with -XX:ReservedCodeCacheSize=
#   JVM is running with Unscaled Compressed Oops mode in which the Java heap is
#     placed in the first 4GB address space. The Java Heap base address is the
#     maximum limit for the native heap growth. Please use -XX:HeapBaseMinAddress
#     to set the Java Heap base and to place the Java Heap above 4GB virtual address.
# This output file may be truncated or incomplete.
#
#  Out of Memory Error (arena.cpp:189), pid=12276, tid=10788
#
# JRE version: Java(TM) SE Runtime Environment (17.0.2+8) (build 17.0.2+8-LTS-86)
# Java VM: Java HotSpot(TM) 64-Bit Server VM (17.0.2+8-LTS-86, mixed mode, sharing, tiered, compressed oops, compressed class ptrs, g1 gc, windows-amd64)
# No core dump will be written. Minidumps are not enabled by default on client versions of Windows
#

---------------  S U M M A R Y ------------

Command Line: -javaagent:G:\Intellij\IntelliJ IDEA Community Edition 2025.1.1.1\lib\idea_rt.jar=62462 -Dfile.encoding=UTF-8 com.ecommerce.order.OrderApplication

Host: AMD Ryzen 5 3550H with Radeon Vega Mobile Gfx  , 8 cores, 5G,  Windows 10 , 64 bit Build 19041 (10.0.19041.5915)
Time: Sat Jul 12 12:10:55 2025 India Standard Time elapsed time: 14.351921 seconds (0d 0h 0m 14s)

---------------  T H R E A D  ---------------

Current thread (0x000002207f37db10):  JavaThread "C2 CompilerThread0" daemon [_thread_in_native, id=10788, stack(0x0000003c4e700000,0x0000003c4e800000)]


Current CompileTask:
C2:  14352 4280       4       jdk.internal.org.objectweb.asm.Frame::execute (2305 bytes)

Stack: [0x0000003c4e700000,0x0000003c4e800000]
Native frames: (J=compiled Java code, j=interpreted, Vv=VM code, C=native code)
V  [jvm.dll+0x670baa]
V  [jvm.dll+0x7cfcb4]
V  [jvm.dll+0x7d145e]
V  [jvm.dll+0x7d1ac3]
V  [jvm.dll+0x242bc5]
V  [jvm.dll+0xaa57b]
V  [jvm.dll+0xaab0c]
V  [jvm.dll+0x2a991f]
V  [jvm.dll+0x5792d9]
V  [jvm.dll+0x21de3d]
V  [jvm.dll+0x21e21f]
V  [jvm.dll+0x217ae5]
V  [jvm.dll+0x214fab]
V  [jvm.dll+0x1a1bbd]
V  [jvm.dll+0x224908]
V  [jvm.dll+0x222a6c]
V  [jvm.dll+0x7859bb]
V  [jvm.dll+0x77ff7a]
V  [jvm.dll+0x66fa35]
C  [ucrtbase.dll+0x21bb2]
C  [KERNEL32.DLL+0x17374]
C  [ntdll.dll+0x4cc91]


---------------  P R O C E S S  ---------------

Threads class SMR info:
_java_thread_list=0x0000022015859ce0, length=19, elements={
0x0000022074582a00, 0x000002207f362700, 0x000002207f363480, 0x000002207f3793d0,
0x000002207f37bda0, 0x000002207f37c660, 0x000002207f37cf20, 0x000002207f37db10,
0x000002207f37e8d0, 0x000002207f3811e0, 0x0000022014956ca0, 0x0000022014cf6a70,
0x0000022014a3ca40, 0x0000022017725460, 0x00000220177262d0, 0x0000022017727ae0,
0x0000022017726c70, 0x0000022017727140, 0x0000022017727fb0
}

Java Threads: ( => current thread )
  0x0000022074582a00 JavaThread "main" [_thread_in_Java, id=6404, stack(0x0000003c4da00000,0x0000003c4db00000)]
  0x000002207f362700 JavaThread "Reference Handler" daemon [_thread_blocked, id=14188, stack(0x0000003c4e100000,0x0000003c4e200000)]
  0x000002207f363480 JavaThread "Finalizer" daemon [_thread_blocked, id=4016, stack(0x0000003c4e200000,0x0000003c4e300000)]
  0x000002207f3793d0 JavaThread "Signal Dispatcher" daemon [_thread_blocked, id=18232, stack(0x0000003c4e300000,0x0000003c4e400000)]
  0x000002207f37bda0 JavaThread "Attach Listener" daemon [_thread_blocked, id=17876, stack(0x0000003c4e400000,0x0000003c4e500000)]
  0x000002207f37c660 JavaThread "Service Thread" daemon [_thread_blocked, id=3544, stack(0x0000003c4e500000,0x0000003c4e600000)]
  0x000002207f37cf20 JavaThread "Monitor Deflation Thread" daemon [_thread_blocked, id=17724, stack(0x0000003c4e600000,0x0000003c4e700000)]
=>0x000002207f37db10 JavaThread "C2 CompilerThread0" daemon [_thread_in_native, id=10788, stack(0x0000003c4e700000,0x0000003c4e800000)]
  0x000002207f37e8d0 JavaThread "C1 CompilerThread0" daemon [_thread_blocked, id=9616, stack(0x0000003c4e800000,0x0000003c4e900000)]
  0x000002207f3811e0 JavaThread "Sweeper thread" daemon [_thread_blocked, id=16592, stack(0x0000003c4e900000,0x0000003c4ea00000)]
  0x0000022014956ca0 JavaThread "Common-Cleaner" daemon [_thread_blocked, id=12896, stack(0x0000003c4ea00000,0x0000003c4eb00000)]
  0x0000022014cf6a70 JavaThread "Monitor Ctrl-Break" daemon [_thread_in_native, id=15100, stack(0x0000003c4eb00000,0x0000003c4ec00000)]
  0x0000022014a3ca40 JavaThread "Notification Thread" daemon [_thread_blocked, id=18056, stack(0x0000003c4ec00000,0x0000003c4ed00000)]
  0x0000022017725460 JavaThread "Catalina-utility-1" [_thread_blocked, id=16392, stack(0x0000003c4f400000,0x0000003c4f500000)]
  0x00000220177262d0 JavaThread "Catalina-utility-2" [_thread_blocked, id=6688, stack(0x0000003c4f700000,0x0000003c4f800000)]
  0x0000022017727ae0 JavaThread "container-0" [_thread_blocked, id=16608, stack(0x0000003c4f800000,0x0000003c4f900000)]
  0x0000022017726c70 JavaThread "PostgreSQL-JDBC-Cleaner" daemon [_thread_blocked, id=4852, stack(0x0000003c4f900000,0x0000003c4fa00000)]
  0x0000022017727140 JavaThread "HikariPool-1:housekeeper" daemon [_thread_blocked, id=8272, stack(0x0000003c4fb00000,0x0000003c4fc00000)]
  0x0000022017727fb0 JavaThread "HikariPool-1:connection-adder" daemon [_thread_blocked, id=18324, stack(0x0000003c4fc00000,0x0000003c4fd00000)]

Other Threads:
  0x000002207f35e790 VMThread "VM Thread" [stack: 0x0000003c4e000000,0x0000003c4e100000] [id=8168]
  0x0000022014b6a890 WatcherThread [stack: 0x0000003c4ed00000,0x0000003c4ee00000] [id=18404]
  0x00000220745b9d70 GCTaskThread "GC Thread#0" [stack: 0x0000003c4db00000,0x0000003c4dc00000] [id=18024]
  0x0000022015286040 GCTaskThread "GC Thread#1" [stack: 0x0000003c4ee00000,0x0000003c4ef00000] [id=2076]
  0x0000022015444d00 GCTaskThread "GC Thread#2" [stack: 0x0000003c4ef00000,0x0000003c4f000000] [id=18356]
  0x0000022015444fb0 GCTaskThread "GC Thread#3" [stack: 0x0000003c4f000000,0x0000003c4f100000] [id=17100]
  0x0000022015445260 GCTaskThread "GC Thread#4" [stack: 0x0000003c4f100000,0x0000003c4f200000] [id=18396]
  0x0000022015455460 GCTaskThread "GC Thread#5" [stack: 0x0000003c4f200000,0x0000003c4f300000] [id=7520]
  0x00000220175a5830 GCTaskThread "GC Thread#6" [stack: 0x0000003c4f500000,0x0000003c4f600000] [id=17716]
  0x00000220154f4030 GCTaskThread "GC Thread#7" [stack: 0x0000003c4f600000,0x0000003c4f700000] [id=4660]
  0x00000220745c6a00 ConcurrentGCThread "G1 Main Marker" [stack: 0x0000003c4dc00000,0x0000003c4dd00000] [id=16208]
  0x00000220745c7320 ConcurrentGCThread "G1 Conc#0" [stack: 0x0000003c4dd00000,0x0000003c4de00000] [id=8808]
  0x0000022017e19870 ConcurrentGCThread "G1 Conc#1" [stack: 0x0000003c4f300000,0x0000003c4f400000] [id=12932]
  0x000002207463a9a0 ConcurrentGCThread "G1 Refine#0" [stack: 0x0000003c4de00000,0x0000003c4df00000] [id=4636]
  0x000002207463b2d0 ConcurrentGCThread "G1 Service" [stack: 0x0000003c4df00000,0x0000003c4e000000] [id=16544]

Threads with active compile tasks:
C2 CompilerThread0    14376 4280       4       jdk.internal.org.objectweb.asm.Frame::execute (2305 bytes)

VM state: not at safepoint (normal execution)

VM Mutex/Monitor currently owned by a thread: None

Heap address: 0x00000000a0e00000, size: 1522 MB, Compressed Oops mode: 32-bit

CDS archive(s) mapped at: [0x0000000800000000-0x0000000800bc0000-0x0000000800bc0000), size 12320768, SharedBaseAddress: 0x0000000800000000, ArchiveRelocationMode: 0.
Compressed class space mapped at: 0x0000000800c00000-0x0000000840c00000, reserved size: 1073741824
Narrow klass base: 0x0000000800000000, Narrow klass shift: 0, Narrow klass range: 0x100000000

GC Precious Log:
 CPUs: 8 total, 8 available
 Memory: 6082M
 Large Page Support: Disabled
 NUMA Support: Disabled
 Compressed Oops: Enabled (32-bit)
 Heap Region Size: 1M
 Heap Min Capacity: 8M
 Heap Initial Capacity: 96M
 Heap Max Capacity: 1522M
 Pre-touch: Disabled
 Parallel Workers: 8
 Concurrent Workers: 2
 Concurrent Refinement Workers: 8
 Periodic GC: Disabled

Heap:
 garbage-first heap   total 55296K, used 29123K [0x00000000a0e00000, 0x0000000100000000)
  region size 1024K, 10 young (10240K), 2 survivors (2048K)
 Metaspace       used 49203K, committed 49664K, reserved 1097728K
  class space    used 6747K, committed 6976K, reserved 1048576K

Heap Regions: E=young(eden), S=young(survivor), O=old, HS=humongous(starts), HC=humongous(continues), CS=collection set, F=free, OA=open archive, CA=closed archive, TAMS=top-at-mark-start (previous, next)
|   0|0x00000000a0e00000, 0x00000000a0f00000, 0x00000000a0f00000|100%|HS|  |TAMS 0x00000000a0f00000, 0x00000000a0e00000| Complete 
|   1|0x00000000a0f00000, 0x00000000a1000000, 0x00000000a1000000|100%|HS|  |TAMS 0x00000000a1000000, 0x00000000a0f00000| Complete 
|   2|0x00000000a1000000, 0x00000000a1100000, 0x00000000a1100000|100%| O|  |TAMS 0x00000000a1100000, 0x00000000a1000000| Untracked 
|   3|0x00000000a1100000, 0x00000000a1200000, 0x00000000a1200000|100%| O|  |TAMS 0x00000000a1200000, 0x00000000a1100000| Untracked 
|   4|0x00000000a1200000, 0x00000000a1300000, 0x00000000a1300000|100%| O|  |TAMS 0x00000000a1300000, 0x00000000a1200000| Untracked 
|   5|0x00000000a1300000, 0x00000000a1400000, 0x00000000a1400000|100%| O|  |TAMS 0x00000000a1400000, 0x00000000a1300000| Untracked 
|   6|0x00000000a1400000, 0x00000000a1500000, 0x00000000a1500000|100%| O|  |TAMS 0x00000000a1500000, 0x00000000a1400000| Untracked 
|   7|0x00000000a1500000, 0x00000000a1600000, 0x00000000a1600000|100%| O|  |TAMS 0x00000000a1500000, 0x00000000a1500000| Untracked 
|   8|0x00000000a1600000, 0x00000000a1700000, 0x00000000a1700000|100%| O|  |TAMS 0x00000000a1700000, 0x00000000a1600000| Untracked 
|   9|0x00000000a1700000, 0x00000000a1800000, 0x00000000a1800000|100%| O|  |TAMS 0x00000000a1800000, 0x00000000a1700000| Untracked 
|  10|0x00000000a1800000, 0x00000000a1900000, 0x00000000a1900000|100%| O|  |TAMS 0x00000000a1900000, 0x00000000a1800000| Untracked 
|  11|0x00000000a1900000, 0x00000000a1a00000, 0x00000000a1a00000|100%| O|  |TAMS 0x00000000a1a00000, 0x00000000a1900000| Untracked 
|  12|0x00000000a1a00000, 0x00000000a1b00000, 0x00000000a1b00000|100%| O|  |TAMS 0x00000000a1b00000, 0x00000000a1a00000| Untracked 
|  13|0x00000000a1b00000, 0x00000000a1c00000, 0x00000000a1c00000|100%| O|  |TAMS 0x00000000a1c00000, 0x00000000a1b00000| Untracked 
|  14|0x00000000a1c00000, 0x00000000a1d00000, 0x00000000a1d00000|100%| O|  |TAMS 0x00000000a1d00000, 0x00000000a1c00000| Untracked 
|  15|0x00000000a1d00000, 0x00000000a1e00000, 0x00000000a1e00000|100%| O|  |TAMS 0x00000000a1e00000, 0x00000000a1d00000| Untracked 
|  16|0x00000000a1e00000, 0x00000000a1e00000, 0x00000000a1f00000|  0%| F|  |TAMS 0x00000000a1e00000, 0x00000000a1e00000| Untracked 
|  17|0x00000000a1f00000, 0x00000000a2000000, 0x00000000a2000000|100%| O|  |TAMS 0x00000000a1f6d200, 0x00000000a1f00000| Untracked 
|  18|0x00000000a2000000, 0x00000000a2100000, 0x00000000a2100000|100%| O|  |TAMS 0x00000000a2000000, 0x00000000a2000000| Untracked 
|  19|0x00000000a2100000, 0x00000000a2200000, 0x00000000a2200000|100%| O|  |TAMS 0x00000000a2100000, 0x00000000a2100000| Untracked 
|  20|0x00000000a2200000, 0x00000000a2300000, 0x00000000a2300000|100%| O|  |TAMS 0x00000000a2200000, 0x00000000a2200000| Untracked 
|  21|0x00000000a2300000, 0x00000000a2338200, 0x00000000a2400000| 21%| O|  |TAMS 0x00000000a2300000, 0x00000000a2300000| Untracked 
|  22|0x00000000a2400000, 0x00000000a2400000, 0x00000000a2500000|  0%| F|  |TAMS 0x00000000a2400000, 0x00000000a2400000| Untracked 
|  23|0x00000000a2500000, 0x00000000a2500000, 0x00000000a2600000|  0%| F|  |TAMS 0x00000000a2500000, 0x00000000a2500000| Untracked 
|  24|0x00000000a2600000, 0x00000000a2600000, 0x00000000a2700000|  0%| F|  |TAMS 0x00000000a2600000, 0x00000000a2600000| Untracked 
|  25|0x00000000a2700000, 0x00000000a2700000, 0x00000000a2800000|  0%| F|  |TAMS 0x00000000a2700000, 0x00000000a2700000| Untracked 
|  26|0x00000000a2800000, 0x00000000a2800000, 0x00000000a2900000|  0%| F|  |TAMS 0x00000000a2800000, 0x00000000a2800000| Untracked 
|  27|0x00000000a2900000, 0x00000000a2900000, 0x00000000a2a00000|  0%| F|  |TAMS 0x00000000a2900000, 0x00000000a2900000| Untracked 
|  28|0x00000000a2a00000, 0x00000000a2a00000, 0x00000000a2b00000|  0%| F|  |TAMS 0x00000000a2a00000, 0x00000000a2a00000| Untracked 
|  29|0x00000000a2b00000, 0x00000000a2b00000, 0x00000000a2c00000|  0%| F|  |TAMS 0x00000000a2b00000, 0x00000000a2b00000| Untracked 
|  30|0x00000000a2c00000, 0x00000000a2c00000, 0x00000000a2d00000|  0%| F|  |TAMS 0x00000000a2c00000, 0x00000000a2c00000| Untracked 
|  31|0x00000000a2d00000, 0x00000000a2d38d98, 0x00000000a2e00000| 22%| S|CS|TAMS 0x00000000a2d00000, 0x00000000a2d00000| Complete 
|  32|0x00000000a2e00000, 0x00000000a2f00000, 0x00000000a2f00000|100%| S|CS|TAMS 0x00000000a2e00000, 0x00000000a2e00000| Complete 
|  33|0x00000000a2f00000, 0x00000000a2f00000, 0x00000000a3000000|  0%| F|  |TAMS 0x00000000a2f00000, 0x00000000a2f00000| Untracked 
|  34|0x00000000a3000000, 0x00000000a3000000, 0x00000000a3100000|  0%| F|  |TAMS 0x00000000a3000000, 0x00000000a3000000| Untracked 
|  35|0x00000000a3100000, 0x00000000a3100000, 0x00000000a3200000|  0%| F|  |TAMS 0x00000000a3100000, 0x00000000a3100000| Untracked 
|  36|0x00000000a3200000, 0x00000000a3200000, 0x00000000a3300000|  0%| F|  |TAMS 0x00000000a3200000, 0x00000000a3200000| Untracked 
|  37|0x00000000a3300000, 0x00000000a3300000, 0x00000000a3400000|  0%| F|  |TAMS 0x00000000a3300000, 0x00000000a3300000| Untracked 
|  38|0x00000000a3400000, 0x00000000a3400000, 0x00000000a3500000|  0%| F|  |TAMS 0x00000000a3400000, 0x00000000a3400000| Untracked 
|  39|0x00000000a3500000, 0x00000000a3500000, 0x00000000a3600000|  0%| F|  |TAMS 0x00000000a3500000, 0x00000000a3500000| Untracked 
|  40|0x00000000a3600000, 0x00000000a3600000, 0x00000000a3700000|  0%| F|  |TAMS 0x00000000a3600000, 0x00000000a3600000| Untracked 
|  41|0x00000000a3700000, 0x00000000a3700000, 0x00000000a3800000|  0%| F|  |TAMS 0x00000000a3700000, 0x00000000a3700000| Untracked 
|  42|0x00000000a3800000, 0x00000000a3800000, 0x00000000a3900000|  0%| F|  |TAMS 0x00000000a3800000, 0x00000000a3800000| Untracked 
|  43|0x00000000a3900000, 0x00000000a3900000, 0x00000000a3a00000|  0%| F|  |TAMS 0x00000000a3900000, 0x00000000a3900000| Untracked 
|  44|0x00000000a3a00000, 0x00000000a3a00000, 0x00000000a3b00000|  0%| F|  |TAMS 0x00000000a3a00000, 0x00000000a3a00000| Untracked 
|  45|0x00000000a3b00000, 0x00000000a3b00000, 0x00000000a3c00000|  0%| F|  |TAMS 0x00000000a3b00000, 0x00000000a3b00000| Untracked 
|  46|0x00000000a3c00000, 0x00000000a3cba690, 0x00000000a3d00000| 72%| E|  |TAMS 0x00000000a3c00000, 0x00000000a3c00000| Complete 
|  47|0x00000000a3d00000, 0x00000000a3e00000, 0x00000000a3e00000|100%| E|CS|TAMS 0x00000000a3d00000, 0x00000000a3d00000| Complete 
|  48|0x00000000a3e00000, 0x00000000a3f00000, 0x00000000a3f00000|100%| E|CS|TAMS 0x00000000a3e00000, 0x00000000a3e00000| Complete 
|  49|0x00000000a3f00000, 0x00000000a4000000, 0x00000000a4000000|100%| E|CS|TAMS 0x00000000a3f00000, 0x00000000a3f00000| Complete 
|  50|0x00000000a4000000, 0x00000000a4100000, 0x00000000a4100000|100%| E|CS|TAMS 0x00000000a4000000, 0x00000000a4000000| Complete 
|  51|0x00000000a4100000, 0x00000000a4200000, 0x00000000a4200000|100%| E|CS|TAMS 0x00000000a4100000, 0x00000000a4100000| Complete 
|  52|0x00000000a4200000, 0x00000000a4300000, 0x00000000a4300000|100%| E|CS|TAMS 0x00000000a4200000, 0x00000000a4200000| Complete 
|  95|0x00000000a6d00000, 0x00000000a6e00000, 0x00000000a6e00000|100%| E|CS|TAMS 0x00000000a6d00000, 0x00000000a6d00000| Complete 

Card table byte_map: [0x000002207e340000,0x000002207e640000] _byte_map_base: 0x000002207de39000

Marking Bits (Prev, Next): (CMBitMap*) 0x00000220745ba290, (CMBitMap*) 0x00000220745ba2d0
 Prev Bits: [0x000002200f000000, 0x00000220107c8000)
 Next Bits: [0x00000220107d0000, 0x0000022011f98000)

Polling page: 0x0000022074650000

Metaspace:

Usage:
  Non-class:     41.46 MB used.
      Class:      6.59 MB used.
       Both:     48.06 MB used.

Virtual space:
  Non-class space:       48.00 MB reserved,      41.69 MB ( 87%) committed,  6 nodes.
      Class space:        1.00 GB reserved,       6.81 MB ( <1%) committed,  1 nodes.
             Both:        1.05 GB reserved,      48.50 MB (  5%) committed. 

Chunk freelists:
   Non-Class:  1.94 MB
       Class:  1.23 MB
        Both:  3.17 MB

MaxMetaspaceSize: unlimited
CompressedClassSpaceSize: 1.00 GB
Initial GC threshold: 21.00 MB
Current GC threshold: 58.88 MB
CDS: on
MetaspaceReclaimPolicy: balanced
 - commit_granule_bytes: 65536.
 - commit_granule_words: 8192.
 - virtual_space_node_default_size: 1048576.
 - enlarge_chunks_in_place: 1.
 - new_chunks_are_fully_committed: 0.
 - uncommit_free_chunks: 1.
 - use_allocation_guard: 0.
 - handle_deallocations: 1.


Internal statistics:

num_allocs_failed_limit: 6.
num_arena_births: 612.
num_arena_deaths: 0.
num_vsnodes_births: 7.
num_vsnodes_deaths: 0.
num_space_committed: 776.
num_space_uncommitted: 0.
num_chunks_returned_to_freelist: 6.
num_chunks_taken_from_freelist: 2367.
num_chunk_merges: 3.
num_chunk_splits: 1732.
num_chunks_enlarged: 1376.
num_purges: 0.
num_inconsistent_stats: 0.

CodeHeap 'non-profiled nmethods': size=120000Kb used=2232Kb max_used=2232Kb free=117767Kb
 bounds [0x0000022007ad0000, 0x0000022007d40000, 0x000002200f000000]
CodeHeap 'profiled nmethods': size=120000Kb used=9158Kb max_used=9158Kb free=110841Kb
 bounds [0x00000220005a0000, 0x0000022000ea0000, 0x0000022007ad0000]
CodeHeap 'non-nmethods': size=5760Kb used=1276Kb max_used=1329Kb free=4483Kb
 bounds [0x0000022000000000, 0x0000022000270000, 0x00000220005a0000]
 total_blobs=4880 nmethods=4284 adapters=508
 compilation: enabled
              stopped_count=0, restarted_count=0
 full_count=0

Compilation events (20 events):
Event: 14.179 Thread 0x000002207f37e8d0 4319       3       net.bytebuddy.description.method.MethodDescription$TypeSubstituting::getReturnType (22 bytes)
Event: 14.180 Thread 0x000002207f37e8d0 nmethod 4319 0x0000022000e89e90 code [0x0000022000e8a060, 0x0000022000e8a418]
Event: 14.205 Thread 0x000002207f37e8d0 4328       3       java.util.HashMap::afterNodeRemoval (1 bytes)
Event: 14.205 Thread 0x000002207f37e8d0 nmethod 4328 0x0000022000e8a510 code [0x0000022000e8a6a0, 0x0000022000e8a7b8]
Event: 14.205 Thread 0x000002207f37e8d0 4331       3       java.util.ArrayList::hashCode (22 bytes)
Event: 14.205 Thread 0x000002207f37e8d0 nmethod 4331 0x0000022000e8a890 code [0x0000022000e8aa60, 0x0000022000e8adb8]
Event: 14.205 Thread 0x000002207f37e8d0 4329       3       net.bytebuddy.description.type.TypeList$Generic$Explicit::get (6 bytes)
Event: 14.206 Thread 0x000002207f37e8d0 nmethod 4329 0x0000022000e8af10 code [0x0000022000e8b0e0, 0x0000022000e8b4f8]
Event: 14.206 Thread 0x000002207f37e8d0 4330       3       net.bytebuddy.description.type.TypeList$Generic$Explicit::get (19 bytes)
Event: 14.206 Thread 0x000002207f37e8d0 nmethod 4330 0x0000022000e8b610 code [0x0000022000e8b7e0, 0x0000022000e8bb98]
Event: 14.206 Thread 0x000002207f37e8d0 4332       3       java.util.ArrayList::checkForComodification (17 bytes)
Event: 14.206 Thread 0x000002207f37e8d0 nmethod 4332 0x0000022000e8bc90 code [0x0000022000e8be40, 0x0000022000e8c068]
Event: 14.206 Thread 0x000002207f37e8d0 4333       3       net.bytebuddy.description.type.TypeDescription$Generic$Visitor$ForRawType::onNonGenericType (6 bytes)
Event: 14.206 Thread 0x000002207f37e8d0 nmethod 4333 0x0000022000e8c190 code [0x0000022000e8c320, 0x0000022000e8c498]
Event: 14.206 Thread 0x000002207f37e8d0 4334       3       net.bytebuddy.description.type.TypeDescription$Generic$Visitor$ForRawType::onNonGenericType (2 bytes)
Event: 14.206 Thread 0x000002207f37e8d0 nmethod 4334 0x0000022000e8c590 code [0x0000022000e8c720, 0x0000022000e8c838]
Event: 14.258 Thread 0x000002207f37e8d0 4335       3       net.bytebuddy.ClassFileVersion::getMajorVersion (9 bytes)
Event: 14.258 Thread 0x000002207f37e8d0 nmethod 4335 0x0000022000e8c910 code [0x0000022000e8caa0, 0x0000022000e8cbb8]
Event: 14.334 Thread 0x000002207f37e8d0 4338       3       net.bytebuddy.description.method.ParameterList$AbstractBase::asTypeList (61 bytes)
Event: 14.335 Thread 0x000002207f37e8d0 nmethod 4338 0x0000022000e8cc90 code [0x0000022000e8cf40, 0x0000022000e8e0b8]

GC Heap History (20 events):
Event: 2.332 GC heap before
{Heap before GC invocations=0 (full 0):
 garbage-first heap   total 98304K, used 24576K [0x00000000a0e00000, 0x0000000100000000)
  region size 1024K, 23 young (23552K), 0 survivors (0K)
 Metaspace       used 6239K, committed 6400K, reserved 1056768K
  class space    used 748K, committed 832K, reserved 1048576K
}
Event: 2.349 GC heap after
{Heap after GC invocations=1 (full 0):
 garbage-first heap   total 98304K, used 7552K [0x00000000a0e00000, 0x0000000100000000)
  region size 1024K, 3 young (3072K), 3 survivors (3072K)
 Metaspace       used 6239K, committed 6400K, reserved 1056768K
  class space    used 748K, committed 832K, reserved 1048576K
}
Event: 3.601 GC heap before
{Heap before GC invocations=1 (full 0):
 garbage-first heap   total 98304K, used 34176K [0x00000000a0e00000, 0x0000000100000000)
  region size 1024K, 30 young (30720K), 3 survivors (3072K)
 Metaspace       used 13179K, committed 13504K, reserved 1064960K
  class space    used 1635K, committed 1792K, reserved 1048576K
}
Event: 3.610 GC heap after
{Heap after GC invocations=2 (full 0):
 garbage-first heap   total 98304K, used 10184K [0x00000000a0e00000, 0x0000000100000000)
  region size 1024K, 3 young (3072K), 3 survivors (3072K)
 Metaspace       used 13179K, committed 13504K, reserved 1064960K
  class space    used 1635K, committed 1792K, reserved 1048576K
}
Event: 7.014 GC heap before
{Heap before GC invocations=2 (full 0):
 garbage-first heap   total 98304K, used 56264K [0x00000000a0e00000, 0x0000000100000000)
  region size 1024K, 49 young (50176K), 3 survivors (3072K)
 Metaspace       used 21216K, committed 21504K, reserved 1073152K
  class space    used 2657K, committed 2816K, reserved 1048576K
}
Event: 7.030 GC heap after
{Heap after GC invocations=3 (full 0):
 garbage-first heap   total 98304K, used 14152K [0x00000000a0e00000, 0x0000000100000000)
  region size 1024K, 7 young (7168K), 7 survivors (7168K)
 Metaspace       used 21216K, committed 21504K, reserved 1073152K
  class space    used 2657K, committed 2816K, reserved 1048576K
}
Event: 8.428 GC heap before
{Heap before GC invocations=4 (full 0):
 garbage-first heap   total 55296K, used 39752K [0x00000000a0e00000, 0x0000000100000000)
  region size 1024K, 32 young (32768K), 7 survivors (7168K)
 Metaspace       used 25951K, committed 26304K, reserved 1073152K
  class space    used 3352K, committed 3520K, reserved 1048576K
}
Event: 8.453 GC heap after
{Heap after GC invocations=5 (full 0):
 garbage-first heap   total 55296K, used 17224K [0x00000000a0e00000, 0x0000000100000000)
  region size 1024K, 4 young (4096K), 4 survivors (4096K)
 Metaspace       used 25951K, committed 26304K, reserved 1073152K
  class space    used 3352K, committed 3520K, reserved 1048576K
}
Event: 8.503 GC heap before
{Heap before GC invocations=5 (full 0):
 garbage-first heap   total 55296K, used 17224K [0x00000000a0e00000, 0x0000000100000000)
  region size 1024K, 5 young (5120K), 4 survivors (4096K)
 Metaspace       used 26279K, committed 26560K, reserved 1073152K
  class space    used 3388K, committed 3520K, reserved 1048576K
}
Event: 8.513 GC heap after
{Heap after GC invocations=6 (full 0):
 garbage-first heap   total 55296K, used 17499K [0x00000000a0e00000, 0x0000000100000000)
  region size 1024K, 1 young (1024K), 1 survivors (1024K)
 Metaspace       used 26279K, committed 26560K, reserved 1073152K
  class space    used 3388K, committed 3520K, reserved 1048576K
}
Event: 9.446 GC heap before
{Heap before GC invocations=6 (full 0):
 garbage-first heap   total 55296K, used 36955K [0x00000000a0e00000, 0x0000000100000000)
  region size 1024K, 21 young (21504K), 1 survivors (1024K)
 Metaspace       used 30761K, committed 31168K, reserved 1081344K
  class space    used 3989K, committed 4160K, reserved 1048576K
}
Event: 9.451 GC heap after
{Heap after GC invocations=7 (full 0):
 garbage-first heap   total 55296K, used 18508K [0x00000000a0e00000, 0x0000000100000000)
  region size 1024K, 2 young (2048K), 2 survivors (2048K)
 Metaspace       used 30761K, committed 31168K, reserved 1081344K
  class space    used 3989K, committed 4160K, reserved 1048576K
}
Event: 10.577 GC heap before
{Heap before GC invocations=7 (full 0):
 garbage-first heap   total 55296K, used 37964K [0x00000000a0e00000, 0x0000000100000000)
  region size 1024K, 22 young (22528K), 2 survivors (2048K)
 Metaspace       used 35575K, committed 35968K, reserved 1081344K
  class space    used 4785K, committed 4992K, reserved 1048576K
}
Event: 10.581 GC heap after
{Heap after GC invocations=8 (full 0):
 garbage-first heap   total 55296K, used 19507K [0x00000000a0e00000, 0x0000000100000000)
  region size 1024K, 3 young (3072K), 3 survivors (3072K)
 Metaspace       used 35575K, committed 35968K, reserved 1081344K
  class space    used 4785K, committed 4992K, reserved 1048576K
}
Event: 11.925 GC heap before
{Heap before GC invocations=9 (full 0):
 garbage-first heap   total 55296K, used 39987K [0x00000000a0e00000, 0x0000000100000000)
  region size 1024K, 24 young (24576K), 3 survivors (3072K)
 Metaspace       used 41262K, committed 41728K, reserved 1089536K
  class space    used 5542K, committed 5760K, reserved 1048576K
}
Event: 11.930 GC heap after
{Heap after GC invocations=10 (full 0):
 garbage-first heap   total 55296K, used 21128K [0x00000000a0e00000, 0x0000000100000000)
  region size 1024K, 3 young (3072K), 3 survivors (3072K)
 Metaspace       used 41262K, committed 41728K, reserved 1089536K
  class space    used 5542K, committed 5760K, reserved 1048576K
}
Event: 11.976 GC heap before
{Heap before GC invocations=10 (full 0):
 garbage-first heap   total 55296K, used 22152K [0x00000000a0e00000, 0x0000000100000000)
  region size 1024K, 4 young (4096K), 3 survivors (3072K)
 Metaspace       used 41434K, committed 41920K, reserved 1089536K
  class space    used 5564K, committed 5760K, reserved 1048576K
}
Event: 11.982 GC heap after
{Heap after GC invocations=11 (full 0):
 garbage-first heap   total 55296K, used 21027K [0x00000000a0e00000, 0x0000000100000000)
  region size 1024K, 1 young (1024K), 1 survivors (1024K)
 Metaspace       used 41434K, committed 41920K, reserved 1089536K
  class space    used 5564K, committed 5760K, reserved 1048576K
}
Event: 13.261 GC heap before
{Heap before GC invocations=11 (full 0):
 garbage-first heap   total 55296K, used 40483K [0x00000000a0e00000, 0x0000000100000000)
  region size 1024K, 21 young (21504K), 1 survivors (1024K)
 Metaspace       used 47493K, committed 47936K, reserved 1097728K
  class space    used 6406K, committed 6592K, reserved 1048576K
}
Event: 13.264 GC heap after
{Heap after GC invocations=12 (full 0):
 garbage-first heap   total 55296K, used 21955K [0x00000000a0e00000, 0x0000000100000000)
  region size 1024K, 2 young (2048K), 2 survivors (2048K)
 Metaspace       used 47493K, committed 47936K, reserved 1097728K
  class space    used 6406K, committed 6592K, reserved 1048576K
}

Deoptimization events (20 events):
Event: 12.010 Thread 0x0000022074582a00 Uncommon trap: trap_request=0xffffff45 fr.pc=0x0000022007cc2688 relative=0x0000000000000088
Event: 12.010 Thread 0x0000022074582a00 Uncommon trap: reason=unstable_if action=reinterpret pc=0x0000022007cc2688 method=jdk.internal.misc.Unsafe.convEndian(ZI)I @ 4 c2
Event: 12.010 Thread 0x0000022074582a00 DEOPT PACKING pc=0x0000022007cc2688 sp=0x0000003c4dafda00
Event: 12.010 Thread 0x0000022074582a00 DEOPT UNPACKING pc=0x00000220000523a3 sp=0x0000003c4dafd8f0 mode 2
Event: 12.010 Thread 0x0000022074582a00 Uncommon trap: trap_request=0xffffff45 fr.pc=0x0000022007cc14f4 relative=0x0000000000000074
Event: 12.010 Thread 0x0000022074582a00 Uncommon trap: reason=unstable_if action=reinterpret pc=0x0000022007cc14f4 method=jdk.internal.misc.Unsafe.convEndian(ZI)I @ 4 c2
Event: 12.010 Thread 0x0000022074582a00 DEOPT PACKING pc=0x0000022007cc14f4 sp=0x0000003c4dafd9a0
Event: 12.010 Thread 0x0000022074582a00 DEOPT UNPACKING pc=0x00000220000523a3 sp=0x0000003c4dafd8a8 mode 2
Event: 12.397 Thread 0x0000022017727fb0 DEOPT PACKING pc=0x0000022000df1d03 sp=0x0000003c4fcfdfb0
Event: 12.397 Thread 0x0000022017727fb0 DEOPT UNPACKING pc=0x0000022000052b43 sp=0x0000003c4fcfd488 mode 0
Event: 12.480 Thread 0x0000022074582a00 Uncommon trap: trap_request=0xffffff45 fr.pc=0x0000022007bcc14c relative=0x000000000000004c
Event: 12.480 Thread 0x0000022074582a00 Uncommon trap: reason=unstable_if action=reinterpret pc=0x0000022007bcc14c method=java.lang.StringConcatHelper.stringOf(Ljava/lang/Object;)Ljava/lang/String; @ 1 c2
Event: 12.480 Thread 0x0000022074582a00 DEOPT PACKING pc=0x0000022007bcc14c sp=0x0000003c4dafe030
Event: 12.480 Thread 0x0000022074582a00 DEOPT UNPACKING pc=0x00000220000523a3 sp=0x0000003c4dafdfc0 mode 2
Event: 12.514 Thread 0x0000022017727fb0 DEOPT PACKING pc=0x0000022000df1d03 sp=0x0000003c4fcfdfb0
Event: 12.514 Thread 0x0000022017727fb0 DEOPT UNPACKING pc=0x0000022000052b43 sp=0x0000003c4fcfd488 mode 0
Event: 14.306 Thread 0x0000022074582a00 Uncommon trap: trap_request=0xffffff45 fr.pc=0x0000022007c79890 relative=0x0000000000000650
Event: 14.306 Thread 0x0000022074582a00 Uncommon trap: reason=unstable_if action=reinterpret pc=0x0000022007c79890 method=java.util.HashMap$HashIterator.<init>(Ljava/util/HashMap;)V @ 45 c2
Event: 14.306 Thread 0x0000022074582a00 DEOPT PACKING pc=0x0000022007c79890 sp=0x0000003c4dafc9b0
Event: 14.306 Thread 0x0000022074582a00 DEOPT UNPACKING pc=0x00000220000523a3 sp=0x0000003c4dafc840 mode 2

Classes unloaded (0 events):
No events

Classes redefined (0 events):
No events

Internal exceptions (20 events):
Event: 8.828 Thread 0x0000022074582a00 Exception <a 'java/lang/NoSuchMethodError'{0x00000000a3c2af98}: 'long java.lang.invoke.DirectMethodHandle$Holder.invokeVirtual(java.lang.Object, java.lang.Object)'> (0x00000000a3c2af98) 
thrown [t:\workspace\open\src\hotspot\share\interpreter\linkResolver.cpp, line 766]
Event: 8.885 Thread 0x0000022074582a00 Exception <a 'java/lang/NoSuchMethodError'{0x00000000a3bd0e68}: 'void java.lang.invoke.DirectMethodHandle$Holder.invokeVirtual(java.lang.Object, java.lang.Object, long)'> (0x00000000a3bd0e68) 
thrown [t:\workspace\open\src\hotspot\share\interpreter\linkResolver.cpp, line 766]
Event: 9.045 Thread 0x0000022074582a00 Implicit null exception at 0x0000022007c215a7 to 0x0000022007c2195c
Event: 9.052 Thread 0x0000022074582a00 Exception <a 'sun/nio/fs/WindowsException'{0x00000000a37649d8}> (0x00000000a37649d8) 
thrown [t:\workspace\open\src\hotspot\share\prims\jni.cpp, line 516]
Event: 9.123 Thread 0x0000022074582a00 Exception <a 'java/lang/NoSuchMethodError'{0x00000000a351fe78}: 'java.lang.Object java.lang.invoke.Invokers$Holder.invoke_MT(java.lang.Object, java.lang.Object, java.lang.Object)'> (0x00000000a351fe78) 
thrown [t:\workspace\open\src\hotspot\share\interpreter\linkResolver.cpp, line 766]
Event: 10.541 Thread 0x0000022074582a00 Exception <a 'java/lang/NoSuchMethodError'{0x00000000a31b2920}: 'int java.lang.invoke.DirectMethodHandle$Holder.invokeStatic(java.lang.Object)'> (0x00000000a31b2920) 
thrown [t:\workspace\open\src\hotspot\share\interpreter\linkResolver.cpp, line 766]
Event: 10.564 Thread 0x0000022074582a00 Implicit null exception at 0x0000022007be4605 to 0x0000022007be4be4
Event: 10.634 Thread 0x0000022074582a00 Exception <a 'java/lang/NoSuchMethodError'{0x00000000a6de71e8}: 'int java.lang.invoke.DirectMethodHandle$Holder.invokeStaticInit(java.lang.Object, java.lang.Object, java.lang.Object, java.lang.Object)'> (0x00000000a6de71e8) 
thrown [t:\workspace\open\src\hotspot\share\interpreter\linkResolver.cpp, line 766]
Event: 10.790 Thread 0x0000022074582a00 Exception <a 'sun/nio/fs/WindowsException'{0x00000000a416b7e0}> (0x00000000a416b7e0) 
thrown [t:\workspace\open\src\hotspot\share\prims\jni.cpp, line 516]
Event: 10.837 Thread 0x0000022074582a00 Exception <a 'java/lang/NoSuchMethodError'{0x00000000a4033a60}: 'int java.lang.invoke.DirectMethodHandle$Holder.invokeInterface(java.lang.Object, java.lang.Object, int)'> (0x00000000a4033a60) 
thrown [t:\workspace\open\src\hotspot\share\interpreter\linkResolver.cpp, line 766]
Event: 10.837 Thread 0x0000022074582a00 Exception <a 'java/lang/IncompatibleClassChangeError'{0x00000000a40372e8}: Found class java.lang.Object, but interface was expected> (0x00000000a40372e8) 
thrown [t:\workspace\open\src\hotspot\share\interpreter\linkResolver.cpp, line 833]
Event: 11.032 Thread 0x0000022074582a00 Implicit null exception at 0x0000022007c5b46c to 0x0000022007c5b514
Event: 11.286 Thread 0x0000022074582a00 Exception <a 'java/lang/NoSuchMethodError'{0x00000000a3bdc118}: 'java.lang.Object java.lang.invoke.DirectMethodHandle$Holder.invokeStaticInit(java.lang.Object, java.lang.Object, java.lang.Object, java.lang.Object)'> (0x00000000a3bdc118) 
thrown [t:\workspace\open\src\hotspot\share\interpreter\linkResolver.cpp, line 766]
Event: 11.310 Thread 0x0000022074582a00 Exception <a 'java/lang/NoSuchMethodError'{0x00000000a3a97de0}: 'java.lang.Object java.lang.invoke.DirectMethodHandle$Holder.invokeSpecial(java.lang.Object, java.lang.Object, long, java.lang.Object, java.lang.Object, java.lang.Object, java.lang.Object, java.lang.Object, java.lang.Object, java.lang.Object)'> (0x00000000a3a97de0) 
thrown [t:\workspace\open\src\hotspot\share\interpreter\linkResolver.cpp, line 766]
Event: 11.311 Thread 0x0000022074582a00 Exception <a 'java/lang/NoSuchMethodError'{0x00000000a3a9cb98}: 'java.lang.Object java.lang.invoke.DelegatingMethodHandle$Holder.reinvoke_L(java.lang.Object, long, java.lang.Object, java.lang.Object, java.lang.Object, java.lang.Object, java.lang.Object, java.lang.Object, java.lang.Object)'> (0x00000000a3a9cb98) 
thrown [t:\workspace\open\src\hotspot\share\interpreter\linkResolver.cpp, line 766]
Event: 11.314 Thread 0x0000022074582a00 Exception <a 'java/lang/NoSuchMethodError'{0x00000000a3ab41a8}: 'java.lang.Object java.lang.invoke.Invokers$Holder.linkToTargetMethod(java.lang.Object, java.lang.Object, java.lang.Object, java.lang.Object, java.lang.Object, java.lang.Object, java.lang.Object, java.lang.Object)'> (0x00000000a3ab41a8) 
thrown [t:\workspace\open\src\hotspot\share\interpreter\linkResolver.cpp, line 766]
Event: 12.480 Thread 0x0000022074582a00 Implicit null exception at 0x0000022007bcc10c to 0x0000022007bcc13c
Event: 12.530 Thread 0x0000022074582a00 Exception <a 'java/lang/IncompatibleClassChangeError'{0x00000000a39e02d8}: Found class java.lang.Object, but interface was expected> (0x00000000a39e02d8) 
thrown [t:\workspace\open\src\hotspot\share\interpreter\linkResolver.cpp, line 833]
Event: 12.578 Thread 0x0000022074582a00 Exception <a 'java/lang/NoSuchMethodError'{0x00000000a38aa7a8}: 'java.lang.Object java.lang.invoke.DirectMethodHandle$Holder.invokeStatic(java.lang.Object, java.lang.Object, int, java.lang.Object)'> (0x00000000a38aa7a8) 
thrown [t:\workspace\open\src\hotspot\share\interpreter\linkResolver.cpp, line 766]
Event: 12.578 Thread 0x0000022074582a00 Exception <a 'java/lang/NoSuchMethodError'{0x00000000a38ae240}: 'java.lang.Object java.lang.invoke.DirectMethodHandle$Holder.invokeStaticInit(java.lang.Object, java.lang.Object, int, java.lang.Object)'> (0x00000000a38ae240) 
thrown [t:\workspace\open\src\hotspot\share\interpreter\linkResolver.cpp, line 766]

VM Operations (20 events):
Event: 10.625 Executing VM operation: G1Concurrent
Event: 10.627 Executing VM operation: G1Concurrent done
Event: 10.802 Executing VM operation: HandshakeAllThreads
Event: 10.802 Executing VM operation: HandshakeAllThreads done
Event: 10.834 Executing VM operation: HandshakeAllThreads
Event: 10.834 Executing VM operation: HandshakeAllThreads done
Event: 11.844 Executing VM operation: Cleanup
Event: 11.845 Executing VM operation: Cleanup done
Event: 11.925 Executing VM operation: G1CollectForAllocation
Event: 11.930 Executing VM operation: G1CollectForAllocation done
Event: 11.976 Executing VM operation: G1CollectForAllocation
Event: 11.982 Executing VM operation: G1CollectForAllocation done
Event: 12.987 Executing VM operation: Cleanup
Event: 12.993 Executing VM operation: Cleanup done
Event: 13.261 Executing VM operation: G1CollectForAllocation
Event: 13.264 Executing VM operation: G1CollectForAllocation done
Event: 13.500 Executing VM operation: HandshakeAllThreads
Event: 13.501 Executing VM operation: HandshakeAllThreads done
Event: 13.798 Executing VM operation: HandshakeAllThreads
Event: 13.798 Executing VM operation: HandshakeAllThreads done

Events (20 events):
Event: 12.242 loading class javax/naming/RefAddr
Event: 12.243 loading class javax/naming/RefAddr done
Event: 12.243 loading class javax/naming/StringRefAddr
Event: 12.243 loading class javax/naming/StringRefAddr done
Event: 12.315 loading class jdk/internal/reflect/UnsafeQualifiedStaticObjectFieldAccessorImpl
Event: 12.316 loading class jdk/internal/reflect/UnsafeQualifiedStaticObjectFieldAccessorImpl done
Event: 12.333 loading class java/util/concurrent/CompletableFuture$AltResult
Event: 12.333 loading class java/util/concurrent/CompletableFuture$AltResult done
Event: 12.334 loading class java/util/concurrent/CompletableFuture$Completion
Event: 12.335 loading class java/util/concurrent/CompletableFuture$AsynchronousCompletionTask
Event: 12.339 loading class java/util/concurrent/CompletableFuture$AsynchronousCompletionTask done
Event: 12.340 loading class java/util/concurrent/CompletableFuture$Completion done
Event: 12.504 loading class java/util/concurrent/CancellationException
Event: 12.504 loading class java/util/concurrent/CancellationException done
Event: 13.284 loading class java/time/Clock$TickClock
Event: 13.284 loading class java/time/Clock$TickClock done
Event: 14.288 loading class java/util/AbstractList$SubList
Event: 14.289 loading class java/util/AbstractList$SubList done
Event: 14.332 loading class java/lang/reflect/AnnotatedArrayType
Event: 14.332 loading class java/lang/reflect/AnnotatedArrayType done


Dynamic libraries:
0x00007ff630420000 - 0x00007ff630430000 	C:\Program Files\Java\jdk-17.0.2\bin\java.exe
0x00007ffdf60b0000 - 0x00007ffdf62a8000 	C:\WINDOWS\SYSTEM32\ntdll.dll
0x00007ffdf41b0000 - 0x00007ffdf4272000 	C:\WINDOWS\System32\KERNEL32.DLL
0x00007ffdf3bc0000 - 0x00007ffdf3eb6000 	C:\WINDOWS\System32\KERNELBASE.dll
0x00007ffdf3fd0000 - 0x00007ffdf40d0000 	C:\WINDOWS\System32\ucrtbase.dll
0x00007ffde9b10000 - 0x00007ffde9b2a000 	C:\Program Files\Java\jdk-17.0.2\bin\VCRUNTIME140.dll
0x00007ffdea920000 - 0x00007ffdea938000 	C:\Program Files\Java\jdk-17.0.2\bin\jli.dll
0x00007ffdf4610000 - 0x00007ffdf46c1000 	C:\WINDOWS\System32\ADVAPI32.dll
0x00007ffdf49f0000 - 0x00007ffdf4a8e000 	C:\WINDOWS\System32\msvcrt.dll
0x00007ffdf42b0000 - 0x00007ffdf434f000 	C:\WINDOWS\System32\sechost.dll
0x00007ffdf5370000 - 0x00007ffdf5493000 	C:\WINDOWS\System32\RPCRT4.dll
0x00007ffdf3a10000 - 0x00007ffdf3a37000 	C:\WINDOWS\System32\bcrypt.dll
0x00007ffdf43b0000 - 0x00007ffdf454d000 	C:\WINDOWS\System32\USER32.dll
0x00007ffdf3b90000 - 0x00007ffdf3bb2000 	C:\WINDOWS\System32\win32u.dll
0x00007ffdf4550000 - 0x00007ffdf457b000 	C:\WINDOWS\System32\GDI32.dll
0x00007ffdf3790000 - 0x00007ffdf38a9000 	C:\WINDOWS\System32\gdi32full.dll
0x00007ffdf3af0000 - 0x00007ffdf3b8d000 	C:\WINDOWS\System32\msvcp_win.dll
0x00007ffde4a40000 - 0x00007ffde4cda000 	C:\WINDOWS\WinSxS\amd64_microsoft.windows.common-controls_6595b64144ccf1df_6.0.19041.5915_none_60b4b9d171f9c7c7\COMCTL32.dll
0x00007ffde92c0000 - 0x00007ffde92ca000 	C:\WINDOWS\SYSTEM32\VERSION.dll
0x00007ffdf4280000 - 0x00007ffdf42af000 	C:\WINDOWS\System32\IMM32.DLL
0x00007ffdea8a0000 - 0x00007ffdea8ac000 	C:\Program Files\Java\jdk-17.0.2\bin\vcruntime140_1.dll
0x00007ffdd2940000 - 0x00007ffdd29cd000 	C:\Program Files\Java\jdk-17.0.2\bin\msvcp140.dll
0x00007ffda14e0000 - 0x00007ffda20a1000 	C:\Program Files\Java\jdk-17.0.2\bin\server\jvm.dll
0x00007ffdf5360000 - 0x00007ffdf5368000 	C:\WINDOWS\System32\PSAPI.DLL
0x00007ffde9290000 - 0x00007ffde92b7000 	C:\WINDOWS\SYSTEM32\WINMM.dll
0x00007ffde8e70000 - 0x00007ffde8e79000 	C:\WINDOWS\SYSTEM32\WSOCK32.dll
0x00007ffdf4aa0000 - 0x00007ffdf4b0b000 	C:\WINDOWS\System32\WS2_32.dll
0x00007ffdf1580000 - 0x00007ffdf1592000 	C:\WINDOWS\SYSTEM32\kernel.appcore.dll
0x00007ffde8e60000 - 0x00007ffde8e6a000 	C:\Program Files\Java\jdk-17.0.2\bin\jimage.dll
0x00007ffdecee0000 - 0x00007ffded0e1000 	C:\WINDOWS\SYSTEM32\DBGHELP.DLL
0x00007ffdead80000 - 0x00007ffdeadb4000 	C:\WINDOWS\SYSTEM32\dbgcore.DLL
0x00007ffdf3ec0000 - 0x00007ffdf3f42000 	C:\WINDOWS\System32\bcryptPrimitives.dll
0x00007ffdee640000 - 0x00007ffdee64e000 	C:\Program Files\Java\jdk-17.0.2\bin\instrument.dll
0x00007ffde7040000 - 0x00007ffde7065000 	C:\Program Files\Java\jdk-17.0.2\bin\java.dll
0x00007ffdc1840000 - 0x00007ffdc1916000 	C:\Program Files\Java\jdk-17.0.2\bin\jsvml.dll
0x00007ffdf56b0000 - 0x00007ffdf5e1e000 	C:\WINDOWS\System32\SHELL32.dll
0x00007ffdf1780000 - 0x00007ffdf1f24000 	C:\WINDOWS\SYSTEM32\windows.storage.dll
0x00007ffdf4b70000 - 0x00007ffdf4ec3000 	C:\WINDOWS\System32\combase.dll
0x00007ffdf30a0000 - 0x00007ffdf30cb000 	C:\WINDOWS\SYSTEM32\Wldp.dll
0x00007ffdf46d0000 - 0x00007ffdf479d000 	C:\WINDOWS\System32\OLEAUT32.dll
0x00007ffdf5ea0000 - 0x00007ffdf5f4d000 	C:\WINDOWS\System32\SHCORE.dll
0x00007ffdf4b10000 - 0x00007ffdf4b6b000 	C:\WINDOWS\System32\shlwapi.dll
0x00007ffdf3670000 - 0x00007ffdf3695000 	C:\WINDOWS\SYSTEM32\profapi.dll
0x00007ffdde2f0000 - 0x00007ffdde308000 	C:\Program Files\Java\jdk-17.0.2\bin\zip.dll
0x00007ffde1e80000 - 0x00007ffde1e99000 	C:\Program Files\Java\jdk-17.0.2\bin\net.dll
0x00007ffdeb930000 - 0x00007ffdeba3a000 	C:\WINDOWS\SYSTEM32\WINHTTP.dll
0x00007ffdf2e00000 - 0x00007ffdf2e6a000 	C:\WINDOWS\system32\mswsock.dll
0x00007ffdde5a0000 - 0x00007ffdde5b6000 	C:\Program Files\Java\jdk-17.0.2\bin\nio.dll
0x00007ffdea940000 - 0x00007ffdea94e000 	C:\Program Files\Java\jdk-17.0.2\bin\sunmscapi.dll
0x00007ffdf38b0000 - 0x00007ffdf3a0d000 	C:\WINDOWS\System32\CRYPT32.dll
0x00007ffdf3110000 - 0x00007ffdf3137000 	C:\WINDOWS\SYSTEM32\ncrypt.dll
0x00007ffdf30d0000 - 0x00007ffdf310b000 	C:\WINDOWS\SYSTEM32\NTASN1.dll
0x00007ffdf3000000 - 0x00007ffdf3018000 	C:\WINDOWS\SYSTEM32\CRYPTSP.dll
0x00007ffdf26e0000 - 0x00007ffdf2718000 	C:\WINDOWS\system32\rsaenh.dll
0x00007ffdf35f0000 - 0x00007ffdf361e000 	C:\WINDOWS\SYSTEM32\USERENV.dll
0x00007ffdf2ff0000 - 0x00007ffdf2ffc000 	C:\WINDOWS\SYSTEM32\CRYPTBASE.dll
0x00007ffdf2ac0000 - 0x00007ffdf2afb000 	C:\WINDOWS\SYSTEM32\IPHLPAPI.DLL
0x00007ffdf4a90000 - 0x00007ffdf4a98000 	C:\WINDOWS\System32\NSI.dll
0x00007ffdec460000 - 0x00007ffdec477000 	C:\WINDOWS\SYSTEM32\dhcpcsvc6.DLL
0x00007ffdecdc0000 - 0x00007ffdecddd000 	C:\WINDOWS\SYSTEM32\dhcpcsvc.DLL
0x00007ffdf2b00000 - 0x00007ffdf2bca000 	C:\WINDOWS\SYSTEM32\DNSAPI.dll
0x00007ffddf880000 - 0x00007ffddf889000 	C:\Program Files\Java\jdk-17.0.2\bin\management.dll
0x00007ffdddca0000 - 0x00007ffdddcab000 	C:\Program Files\Java\jdk-17.0.2\bin\management_ext.dll
0x00007ffde0cd0000 - 0x00007ffde0ce0000 	C:\Program Files\Java\jdk-17.0.2\bin\verify.dll
0x00007ffde81a0000 - 0x00007ffde81aa000 	C:\Windows\System32\rasadhlp.dll
0x00007ffde8090000 - 0x00007ffde8110000 	C:\WINDOWS\System32\fwpuclnt.dll

dbghelp: loaded successfully - version: 4.0.5 - missing functions: none
symbol engine: initialized successfully - sym options: 0x614 - pdb path: .;C:\Program Files\Java\jdk-17.0.2\bin;C:\WINDOWS\SYSTEM32;C:\WINDOWS\WinSxS\amd64_microsoft.windows.common-controls_6595b64144ccf1df_6.0.19041.5915_none_60b4b9d171f9c7c7;C:\Program Files\Java\jdk-17.0.2\bin\server

VM Arguments:
jvm_args: -javaagent:G:\Intellij\IntelliJ IDEA Community Edition 2025.1.1.1\lib\idea_rt.jar=62462 -Dfile.encoding=UTF-8 
java_command: com.ecommerce.order.OrderApplication
java_class_path (initial): G:\Spring-Boot-Jun-2025\EmbarkX\ecom-microservice\order\target\classes;C:\Users\Sudhanshu\.m2\repository\org\springframework\boot\spring-boot-starter-data-jpa\3.5.3\spring-boot-starter-data-jpa-3.5.3.jar;C:\Users\Sudhanshu\.m2\repository\org\springframework\boot\spring-boot-starter\3.5.3\spring-boot-starter-3.5.3.jar;C:\Users\Sudhanshu\.m2\repository\org\springframework\boot\spring-boot\3.5.3\spring-boot-3.5.3.jar;C:\Users\Sudhanshu\.m2\repository\org\springframework\boot\spring-boot-autoconfigure\3.5.3\spring-boot-autoconfigure-3.5.3.jar;C:\Users\Sudhanshu\.m2\repository\org\springframework\boot\spring-boot-starter-logging\3.5.3\spring-boot-starter-logging-3.5.3.jar;C:\Users\Sudhanshu\.m2\repository\ch\qos\logback\logback-classic\1.5.18\logback-classic-1.5.18.jar;C:\Users\Sudhanshu\.m2\repository\ch\qos\logback\logback-core\1.5.18\logback-core-1.5.18.jar;C:\Users\Sudhanshu\.m2\repository\org\apache\logging\log4j\log4j-to-slf4j\2.24.3\log4j-to-slf4j-2.24.3.jar;C:\Users\Sudhanshu\.m2\repository\org\apache\logging\log4j\log4j-api\2.24.3\log4j-api-2.24.3.jar;C:\Users\Sudhanshu\.m2\repository\org\slf4j\jul-to-slf4j\2.0.17\jul-to-slf4j-2.0.17.jar;C:\Users\Sudhanshu\.m2\repository\jakarta\annotation\jakarta.annotation-api\2.1.1\jakarta.annotation-api-2.1.1.jar;C:\Users\Sudhanshu\.m2\repository\org\yaml\snakeyaml\2.4\snakeyaml-2.4.jar;C:\Users\Sudhanshu\.m2\repository\org\springframework\boot\spring-boot-starter-jdbc\3.5.3\spring-boot-starter-jdbc-3.5.3.jar;C:\Users\Sudhanshu\.m2\repository\com\zaxxer\HikariCP\6.3.0\HikariCP-6.3.0.jar;C:\Users\Sudhanshu\.m2\repository\org\springframework\spring-jdbc\6.2.8\spring-jdbc-6.2.8.jar;C:\Users\Sudhanshu\.m2\repository\org\hibernate\orm\hibernate-core\6.6.18.Final\hibernate-core-6.6.18.Final.jar;C:\Users\Sudhanshu\.m2\repository\jakarta\persistence\jakarta.persistence-api\3.1.0\jakarta.persistence-api-3.1.0.jar;C:\Users\Sudhanshu\.m2\repository\jakarta\transaction\jakarta.transaction-api\2.0.1\jakarta.t
Launcher Type: SUN_STANDARD

[Global flags]
     intx CICompilerCount                          = 4                                         {product} {ergonomic}
     uint ConcGCThreads                            = 2                                         {product} {ergonomic}
     uint G1ConcRefinementThreads                  = 8                                         {product} {ergonomic}
   size_t G1HeapRegionSize                         = 1048576                                   {product} {ergonomic}
    uintx GCDrainStackTargetSize                   = 64                                        {product} {ergonomic}
   size_t InitialHeapSize                          = 100663296                                 {product} {ergonomic}
   size_t MarkStackSize                            = 4194304                                   {product} {ergonomic}
   size_t MaxHeapSize                              = 1595932672                                {product} {ergonomic}
   size_t MaxNewSize                               = 957349888                                 {product} {ergonomic}
   size_t MinHeapDeltaBytes                        = 1048576                                   {product} {ergonomic}
   size_t MinHeapSize                              = 8388608                                   {product} {ergonomic}
    uintx NonNMethodCodeHeapSize                   = 5839372                                {pd product} {ergonomic}
    uintx NonProfiledCodeHeapSize                  = 122909434                              {pd product} {ergonomic}
    uintx ProfiledCodeHeapSize                     = 122909434                              {pd product} {ergonomic}
    uintx ReservedCodeCacheSize                    = 251658240                              {pd product} {ergonomic}
     bool SegmentedCodeCache                       = true                                      {product} {ergonomic}
   size_t SoftMaxHeapSize                          = 1595932672                             {manageable} {ergonomic}
     bool UseCompressedClassPointers               = true                           {product lp64_product} {ergonomic}
     bool UseCompressedOops                        = true                           {product lp64_product} {ergonomic}
     bool UseG1GC                                  = true                                      {product} {ergonomic}
     bool UseLargePagesIndividualAllocation        = false                                  {pd product} {ergonomic}

Logging:
Log output configuration:
 #0: stdout all=warning uptime,level,tags
 #1: stderr all=off uptime,level,tags

Environment Variables:
JAVA_HOME=C:\Program Files\Java\jdk-17.0.2
CLASSPATH=C:\Drivers\mysql-connector-j-8.0.32.jar;.;
PATH=C:\Program Files\Common Files\Oracle\Java\javapath;C:\Python 37\Scripts\;C:\Python 37\;C:\Python39\Scripts\;C:\Python39\;C:\WINDOWS\system32;C:\WINDOWS;C:\WINDOWS\System32\Wbem;C:\WINDOWS\System32\WindowsPowerShell\v1.0\;C:\WINDOWS\System32\OpenSSH\;C:\Program Files\Git\cmd;C:\ProgramData\chocolatey\bin;C:\MinGW\bin;C:\Program Files\nodejs\;C:\Program Files\Java\jdk-17.0.2\bin;C:\Program Files\MySQL\MySQL Server 8.0\bin;;C:\Program Files\Docker\Docker\resources\bin;C:\Program Files\MySQL\MySQL Shell 8.0\bin\;C:\Users\Sudhanshu\AppData\Local\Programs\Python\Python310\Scripts\;C:\Users\Sudhanshu\AppData\Local\Programs\Python\Python310\;C:\Users\Clown Death\AppData\Local\Microsoft\WindowsApps;C:\Users\Clown Death\AppData\Roaming\Python\Python38\Scripts;C:\Users\Sudhanshu\AppData\Local\Microsoft\WindowsApps;C:\Program Files\MongoDB\Server\4.4\bin;C:\Users\Clown Death\AppData\Roaming\npm;C:\Users\Sudhanshu\Development\sdks\flutter\bin;C:\Users\Sudhanshu\AppData\Local\Android\Sdk\platforms;C:\Users\Sudhanshu\AppData\Local\Android\Sdk\platform-tools;C:\Program Files\heroku\bin;C:\Users\Sudhanshu\AppData\Local\Programs\Microsoft VS Code\bin;C:\Drivers\mysql-connector-j-8.0.32.jar;G:\Intellij\IntelliJ IDEA Community Edition 2025.1.1.1\bin;C:\Users\Sudhanshu\AppData\Local\JetBrains\Toolbox\scripts;
USERNAME=Sudhanshu
OS=Windows_NT
PROCESSOR_IDENTIFIER=AMD64 Family 23 Model 24 Stepping 1, AuthenticAMD



---------------  S Y S T E M  ---------------

OS:
 Windows 10 , 64 bit Build 19041 (10.0.19041.5915)
OS uptime: 13 days 21:35 hours
Hyper-V role detected

CPU: total 8 (initial active 8) (8 cores per cpu, 2 threads per core) family 23 model 24 stepping 1 microcode 0x0, cx8, cmov, fxsr, ht, mmx, 3dnowpref, sse, sse2, sse3, ssse3, sse4a, sse4.1, sse4.2, popcnt, lzcnt, tsc, tscinvbit, avx, avx2, aes, clmul, bmi1, bmi2, adx, sha, fma, vzeroupper, clflush, clflushopt, hv

Memory: 4k page, system-wide physical 6082M (288M free)
TotalPageFile size 14164M (AvailPageFile size 5M)
current process WorkingSet (physical memory assigned to process): 203M, peak: 206M
current process commit charge ("private bytes"): 241M, peak: 244M

vm_info: Java HotSpot(TM) 64-Bit Server VM (17.0.2+8-LTS-86) for windows-amd64 JRE (17.0.2+8-LTS-86), built on Dec  7 2021 21:51:03 by "mach5one" with MS VC++ 16.8 / 16.9 (VS2019)

END.
